2022-10-17 18:32:47,709 [Worker-2: Loading available Gradle versions] INFO  o.e.b.c.i.u.g.PublishedGradleVersions - Gradle version information cache is out-of-date. Trying to update.
2022-10-17 18:33:53,941 [Worker-1: Updating Maven Dependencies] INFO  o.e.m.c.i.l.LifecycleMappingFactory - Using org.maven.ide.eclipse.wtp.WarLifecycleMapping lifecycle mapping for MavenProject: com.mycom:myapp:1.0.0-BUILD-SNAPSHOT @ C:\Users\uell0\Documents\workspace-sts-3.9.14.RELEASE\Hello\pom.xml.
2022-10-17 18:33:55,264 [Worker-0: Building workspace] INFO  o.e.m.c.i.l.LifecycleMappingFactory - Using org.maven.ide.eclipse.wtp.WarLifecycleMapping lifecycle mapping for MavenProject: com.mycom:myapp:1.0.0-BUILD-SNAPSHOT @ C:\Users\uell0\Documents\workspace-sts-3.9.14.RELEASE\Hello\pom.xml.
2022-10-17 18:33:59,091 [Worker-0: Building workspace] WARN  o.e.m.c.i.embedder.EclipseLogger - Using platform encoding (MS949 actually) to copy filtered resources, i.e. build is platform dependent!
2022-10-17 18:33:59,100 [Worker-0: Building workspace] INFO  o.e.m.c.i.embedder.EclipseLogger - Copying 5 resources
2022-10-17 18:33:59,136 [Worker-0: Building workspace] WARN  o.e.m.c.i.embedder.EclipseLogger - Using platform encoding (MS949 actually) to copy filtered resources, i.e. build is platform dependent!
2022-10-17 18:33:59,142 [Worker-0: Building workspace] INFO  o.e.m.c.i.embedder.EclipseLogger - Copying 1 resource
2022-10-17 18:34:00,180 [Worker-10: Building workspace] WARN  o.e.m.c.i.embedder.EclipseLogger - Using platform encoding (MS949 actually) to copy filtered resources, i.e. build is platform dependent!
2022-10-17 18:34:00,184 [Worker-10: Building workspace] INFO  o.e.m.c.i.embedder.EclipseLogger - Copying 5 resources
2022-10-17 18:34:00,207 [Worker-10: Building workspace] WARN  o.e.m.c.i.embedder.EclipseLogger - Using platform encoding (MS949 actually) to copy filtered resources, i.e. build is platform dependent!
2022-10-17 18:34:00,209 [Worker-10: Building workspace] INFO  o.e.m.c.i.embedder.EclipseLogger - Copying 1 resource
2022-10-17 18:34:00,719 [Worker-6: Building workspace] WARN  o.e.m.c.i.embedder.EclipseLogger - Using platform encoding (MS949 actually) to copy filtered resources, i.e. build is platform dependent!
2022-10-17 18:34:00,722 [Worker-6: Building workspace] INFO  o.e.m.c.i.embedder.EclipseLogger - Copying 5 resources
2022-10-17 18:34:00,737 [Worker-6: Building workspace] WARN  o.e.m.c.i.embedder.EclipseLogger - Using platform encoding (MS949 actually) to copy filtered resources, i.e. build is platform dependent!
2022-10-17 18:34:00,739 [Worker-6: Building workspace] INFO  o.e.m.c.i.embedder.EclipseLogger - Copying 1 resource
2022-10-17 18:34:01,159 [Worker-3: Building workspace] WARN  o.e.m.c.i.embedder.EclipseLogger - Using platform encoding (MS949 actually) to copy filtered resources, i.e. build is platform dependent!
2022-10-17 18:34:01,161 [Worker-3: Building workspace] INFO  o.e.m.c.i.embedder.EclipseLogger - Copying 5 resources
2022-10-17 18:34:01,180 [Worker-3: Building workspace] WARN  o.e.m.c.i.embedder.EclipseLogger - Using platform encoding (MS949 actually) to copy filtered resources, i.e. build is platform dependent!
2022-10-17 18:34:01,181 [Worker-3: Building workspace] INFO  o.e.m.c.i.embedder.EclipseLogger - Copying 1 resource
2022-10-17 18:34:01,585 [Worker-0: Building workspace] WARN  o.e.m.c.i.embedder.EclipseLogger - Using platform encoding (MS949 actually) to copy filtered resources, i.e. build is platform dependent!
2022-10-17 18:34:01,589 [Worker-0: Building workspace] INFO  o.e.m.c.i.embedder.EclipseLogger - Copying 5 resources
2022-10-17 18:34:01,604 [Worker-0: Building workspace] WARN  o.e.m.c.i.embedder.EclipseLogger - Using platform encoding (MS949 actually) to copy filtered resources, i.e. build is platform dependent!
2022-10-17 18:34:01,607 [Worker-0: Building workspace] INFO  o.e.m.c.i.embedder.EclipseLogger - Copying 1 resource
2022-10-17 18:34:01,968 [Worker-6: Building workspace] WARN  o.e.m.c.i.embedder.EclipseLogger - Using platform encoding (MS949 actually) to copy filtered resources, i.e. build is platform dependent!
2022-10-17 18:34:01,972 [Worker-6: Building workspace] INFO  o.e.m.c.i.embedder.EclipseLogger - Copying 5 resources
2022-10-17 18:34:01,985 [Worker-6: Building workspace] WARN  o.e.m.c.i.embedder.EclipseLogger - Using platform encoding (MS949 actually) to copy filtered resources, i.e. build is platform dependent!
2022-10-17 18:34:01,987 [Worker-6: Building workspace] INFO  o.e.m.c.i.embedder.EclipseLogger - Copying 1 resource
2022-10-17 18:34:03,115 [Worker-6: Updating Maven Dependencies] INFO  o.e.m.c.i.l.LifecycleMappingFactory - Using org.maven.ide.eclipse.wtp.WarLifecycleMapping lifecycle mapping for MavenProject: com.mycom:myapp:1.0.0-BUILD-SNAPSHOT @ C:\Users\uell0\Documents\workspace-sts-3.9.14.RELEASE\Hello\pom.xml.
2022-10-17 18:34:08,237 [Worker-10: Building] WARN  o.e.m.c.i.embedder.EclipseLogger - Using platform encoding (MS949 actually) to copy filtered resources, i.e. build is platform dependent!
2022-10-17 18:34:08,241 [Worker-10: Building] INFO  o.e.m.c.i.embedder.EclipseLogger - Copying 0 resource
2022-10-17 18:34:08,246 [Worker-10: Building] WARN  o.e.m.c.i.embedder.EclipseLogger - Using platform encoding (MS949 actually) to copy filtered resources, i.e. build is platform dependent!
2022-10-17 18:34:08,248 [Worker-10: Building] INFO  o.e.m.c.i.embedder.EclipseLogger - Copying 0 resource
2022-10-17 18:34:10,460 [Worker-10: Building] INFO  o.e.m.c.i.l.LifecycleMappingFactory - Using org.eclipse.m2e.jdt.JarLifecycleMapping lifecycle mapping for MavenProject: hello_di:hello_di:0.0.1-SNAPSHOT @ C:\Users\uell0\Documents\workspace-sts-3.9.14.RELEASE\hello_di\pom.xml.
2022-10-17 18:34:11,306 [Worker-10: Building] WARN  o.e.m.c.i.embedder.EclipseLogger - Using platform encoding (MS949 actually) to copy filtered resources, i.e. build is platform dependent!
2022-10-17 18:34:11,307 [Worker-10: Building] INFO  o.e.m.c.i.embedder.EclipseLogger - skip non existing resourceDirectory C:\Users\uell0\Documents\workspace-sts-3.9.14.RELEASE\hello_di\src\main\resources
2022-10-17 18:34:11,310 [Worker-10: Building] WARN  o.e.m.c.i.embedder.EclipseLogger - Using platform encoding (MS949 actually) to copy filtered resources, i.e. build is platform dependent!
2022-10-17 18:34:11,312 [Worker-10: Building] INFO  o.e.m.c.i.embedder.EclipseLogger - skip non existing resourceDirectory C:\Users\uell0\Documents\workspace-sts-3.9.14.RELEASE\hello_di\src\test\resources
2022-10-17 18:34:13,023 [Worker-8: Building] WARN  o.e.m.c.i.embedder.EclipseLogger - Using platform encoding (MS949 actually) to copy filtered resources, i.e. build is platform dependent!
2022-10-17 18:34:13,025 [Worker-8: Building] INFO  o.e.m.c.i.embedder.EclipseLogger - skip non existing resourceDirectory C:\Users\uell0\Documents\workspace-sts-3.9.14.RELEASE\hello_di\src\main\resources
2022-10-17 18:34:13,027 [Worker-8: Building] WARN  o.e.m.c.i.embedder.EclipseLogger - Using platform encoding (MS949 actually) to copy filtered resources, i.e. build is platform dependent!
2022-10-17 18:34:13,028 [Worker-8: Building] INFO  o.e.m.c.i.embedder.EclipseLogger - skip non existing resourceDirectory C:\Users\uell0\Documents\workspace-sts-3.9.14.RELEASE\hello_di\src\test\resources
2022-10-17 18:34:34,964 [Worker-3: Building workspace] INFO  o.e.m.c.i.l.LifecycleMappingFactory - Using org.eclipse.m2e.jdt.JarLifecycleMapping lifecycle mapping for MavenProject: spring_di1_xmlconfig:spring_di1_xmlconfig:0.0.1-SNAPSHOT @ C:\Users\uell0\Documents\workspace-sts-3.9.14.RELEASE\spring_di1_xmlconfig\pom.xml.
2022-10-17 18:34:35,482 [Worker-3: Building workspace] WARN  o.e.m.c.i.embedder.EclipseLogger - Using platform encoding (MS949 actually) to copy filtered resources, i.e. build is platform dependent!
2022-10-17 18:34:35,483 [Worker-3: Building workspace] INFO  o.e.m.c.i.embedder.EclipseLogger - skip non existing resourceDirectory C:\Users\uell0\Documents\workspace-sts-3.9.14.RELEASE\spring_di1_xmlconfig\src\main\resources
2022-10-17 18:34:35,483 [Worker-3: Building workspace] WARN  o.e.m.c.i.embedder.EclipseLogger - Using platform encoding (MS949 actually) to copy filtered resources, i.e. build is platform dependent!
2022-10-17 18:34:35,484 [Worker-3: Building workspace] INFO  o.e.m.c.i.embedder.EclipseLogger - skip non existing resourceDirectory C:\Users\uell0\Documents\workspace-sts-3.9.14.RELEASE\spring_di1_xmlconfig\src\test\resources
2022-10-17 18:34:36,085 [Worker-6: Building workspace] WARN  o.e.m.c.i.embedder.EclipseLogger - Using platform encoding (MS949 actually) to copy filtered resources, i.e. build is platform dependent!
2022-10-17 18:34:36,086 [Worker-6: Building workspace] INFO  o.e.m.c.i.embedder.EclipseLogger - skip non existing resourceDirectory C:\Users\uell0\Documents\workspace-sts-3.9.14.RELEASE\spring_di1_xmlconfig\src\main\resources
2022-10-17 18:34:36,089 [Worker-6: Building workspace] WARN  o.e.m.c.i.embedder.EclipseLogger - Using platform encoding (MS949 actually) to copy filtered resources, i.e. build is platform dependent!
2022-10-17 18:34:36,090 [Worker-6: Building workspace] INFO  o.e.m.c.i.embedder.EclipseLogger - skip non existing resourceDirectory C:\Users\uell0\Documents\workspace-sts-3.9.14.RELEASE\spring_di1_xmlconfig\src\test\resources
2022-10-17 18:34:36,537 [Worker-5: Building workspace] WARN  o.e.m.c.i.embedder.EclipseLogger - Using platform encoding (MS949 actually) to copy filtered resources, i.e. build is platform dependent!
2022-10-17 18:34:36,539 [Worker-5: Building workspace] INFO  o.e.m.c.i.embedder.EclipseLogger - skip non existing resourceDirectory C:\Users\uell0\Documents\workspace-sts-3.9.14.RELEASE\spring_di1_xmlconfig\src\main\resources
2022-10-17 18:34:36,541 [Worker-5: Building workspace] WARN  o.e.m.c.i.embedder.EclipseLogger - Using platform encoding (MS949 actually) to copy filtered resources, i.e. build is platform dependent!
2022-10-17 18:34:36,543 [Worker-5: Building workspace] INFO  o.e.m.c.i.embedder.EclipseLogger - skip non existing resourceDirectory C:\Users\uell0\Documents\workspace-sts-3.9.14.RELEASE\spring_di1_xmlconfig\src\test\resources
2022-10-17 18:34:37,147 [Worker-1: Building workspace] WARN  o.e.m.c.i.embedder.EclipseLogger - Using platform encoding (MS949 actually) to copy filtered resources, i.e. build is platform dependent!
2022-10-17 18:34:37,148 [Worker-1: Building workspace] INFO  o.e.m.c.i.embedder.EclipseLogger - skip non existing resourceDirectory C:\Users\uell0\Documents\workspace-sts-3.9.14.RELEASE\spring_di1_xmlconfig\src\main\resources
2022-10-17 18:34:37,151 [Worker-1: Building workspace] WARN  o.e.m.c.i.embedder.EclipseLogger - Using platform encoding (MS949 actually) to copy filtered resources, i.e. build is platform dependent!
2022-10-17 18:34:37,152 [Worker-1: Building workspace] INFO  o.e.m.c.i.embedder.EclipseLogger - skip non existing resourceDirectory C:\Users\uell0\Documents\workspace-sts-3.9.14.RELEASE\spring_di1_xmlconfig\src\test\resources
2022-10-17 18:34:37,524 [Worker-8: Building workspace] WARN  o.e.m.c.i.embedder.EclipseLogger - Using platform encoding (MS949 actually) to copy filtered resources, i.e. build is platform dependent!
2022-10-17 18:34:37,527 [Worker-8: Building workspace] INFO  o.e.m.c.i.embedder.EclipseLogger - skip non existing resourceDirectory C:\Users\uell0\Documents\workspace-sts-3.9.14.RELEASE\spring_di1_xmlconfig\src\main\resources
2022-10-17 18:34:37,532 [Worker-8: Building workspace] WARN  o.e.m.c.i.embedder.EclipseLogger - Using platform encoding (MS949 actually) to copy filtered resources, i.e. build is platform dependent!
2022-10-17 18:34:37,534 [Worker-8: Building workspace] INFO  o.e.m.c.i.embedder.EclipseLogger - skip non existing resourceDirectory C:\Users\uell0\Documents\workspace-sts-3.9.14.RELEASE\spring_di1_xmlconfig\src\test\resources
2022-10-17 18:34:37,948 [Worker-9: Building workspace] WARN  o.e.m.c.i.embedder.EclipseLogger - Using platform encoding (MS949 actually) to copy filtered resources, i.e. build is platform dependent!
2022-10-17 18:34:37,949 [Worker-9: Building workspace] INFO  o.e.m.c.i.embedder.EclipseLogger - skip non existing resourceDirectory C:\Users\uell0\Documents\workspace-sts-3.9.14.RELEASE\spring_di1_xmlconfig\src\main\resources
2022-10-17 18:34:37,952 [Worker-9: Building workspace] WARN  o.e.m.c.i.embedder.EclipseLogger - Using platform encoding (MS949 actually) to copy filtered resources, i.e. build is platform dependent!
2022-10-17 18:34:37,954 [Worker-9: Building workspace] INFO  o.e.m.c.i.embedder.EclipseLogger - skip non existing resourceDirectory C:\Users\uell0\Documents\workspace-sts-3.9.14.RELEASE\spring_di1_xmlconfig\src\test\resources
2022-10-17 18:34:38,297 [Worker-0: Building workspace] WARN  o.e.m.c.i.embedder.EclipseLogger - Using platform encoding (MS949 actually) to copy filtered resources, i.e. build is platform dependent!
2022-10-17 18:34:38,299 [Worker-0: Building workspace] INFO  o.e.m.c.i.embedder.EclipseLogger - skip non existing resourceDirectory C:\Users\uell0\Documents\workspace-sts-3.9.14.RELEASE\spring_di1_xmlconfig\src\main\resources
2022-10-17 18:34:38,303 [Worker-0: Building workspace] WARN  o.e.m.c.i.embedder.EclipseLogger - Using platform encoding (MS949 actually) to copy filtered resources, i.e. build is platform dependent!
2022-10-17 18:34:38,305 [Worker-0: Building workspace] INFO  o.e.m.c.i.embedder.EclipseLogger - skip non existing resourceDirectory C:\Users\uell0\Documents\workspace-sts-3.9.14.RELEASE\spring_di1_xmlconfig\src\test\resources
2022-10-17 18:34:38,583 [Worker-7: Building workspace] WARN  o.e.m.c.i.embedder.EclipseLogger - Using platform encoding (MS949 actually) to copy filtered resources, i.e. build is platform dependent!
2022-10-17 18:34:38,585 [Worker-7: Building workspace] INFO  o.e.m.c.i.embedder.EclipseLogger - skip non existing resourceDirectory C:\Users\uell0\Documents\workspace-sts-3.9.14.RELEASE\spring_di1_xmlconfig\src\main\resources
2022-10-17 18:34:38,589 [Worker-7: Building workspace] WARN  o.e.m.c.i.embedder.EclipseLogger - Using platform encoding (MS949 actually) to copy filtered resources, i.e. build is platform dependent!
2022-10-17 18:34:38,591 [Worker-7: Building workspace] INFO  o.e.m.c.i.embedder.EclipseLogger - skip non existing resourceDirectory C:\Users\uell0\Documents\workspace-sts-3.9.14.RELEASE\spring_di1_xmlconfig\src\test\resources
